# JRE version: Java(TM) SE Runtime Environment (18.0.2.1+1) (build 18.0.2.1+1-1)
# Java VM: Java HotSpot(TM) 64-Bit Server VM (18.0.2.1+1-1, mixed mode, emulated-client, sharing, tiered, compressed oops, compressed class ptrs, g1 gc, windows-amd64)
GC Precious Log:
 CardTable entry size: 512
 Card Set container configuration: InlinePtr #cards 5 size 8 Array Of Cards #cards 12 size 40 Howl #buckets 4 coarsen threshold 1843 Howl Bitmap #cards 512 size 80 coarsen threshold 460 Card regions per heap region 1 cards per card region 2048
 CPUs: 4 total, 4 available
 Memory: 8071M
 Large Page Support: Disabled
 NUMA Support: Disabled
 Compressed Oops: Enabled (32-bit)
 Heap Region Size: 1M
 Heap Min Capacity: 8M
 Heap Initial Capacity: 128M
 Heap Max Capacity: 2018M
 Pre-touch: Disabled
 Parallel Workers: 4
 Concurrent Workers: 1
 Concurrent Refinement Workers: 4
 Periodic GC: Disabled
Heap:
 garbage-first heap   total 106496K, used 29429K [0x0000000081e00000, 0x0000000100000000)
  region size 1024K, 2 young (2048K), 1 survivors (1024K)
 Metaspace       used 64034K, committed 65088K, reserved 1114112K
  class space    used 8995K, committed 9408K, reserved 1048576K
GC Heap History (20 events):
Event: 23512.156 GC heap before
{Heap before GC invocations=28 (full 0):
 garbage-first heap   total 106496K, used 59365K [0x0000000081e00000, 0x0000000100000000)
  region size 1024K, 31 young (31744K), 1 survivors (1024K)
 Metaspace       used 64033K, committed 65088K, reserved 1114112K
  class space    used 8994K, committed 9408K, reserved 1048576K
}
Event: 23514.495 GC heap after
{Heap after GC invocations=29 (full 0):
 garbage-first heap   total 106496K, used 29844K [0x0000000081e00000, 0x0000000100000000)
  region size 1024K, 1 young (1024K), 1 survivors (1024K)
 Metaspace       used 64033K, committed 65088K, reserved 1114112K
  class space    used 8994K, committed 9408K, reserved 1048576K
}
Event: 24201.151 GC heap before
{Heap before GC invocations=30 (full 0):
 garbage-first heap   total 106496K, used 33940K [0x0000000081e00000, 0x0000000100000000)
  region size 1024K, 5 young (5120K), 1 survivors (1024K)
 Metaspace       used 64033K, committed 65088K, reserved 1114112K
  class space    used 8994K, committed 9408K, reserved 1048576K
}
Event: 24201.355 GC heap after
{Heap after GC invocations=31 (full 0):
 garbage-first heap   total 106496K, used 29692K [0x0000000081e00000, 0x0000000100000000)
  region size 1024K, 1 young (1024K), 1 survivors (1024K)
 Metaspace       used 64033K, committed 65088K, reserved 1114112K
  class space    used 8994K, committed 9408K, reserved 1048576K
}
Event: 24910.510 GC heap before
{Heap before GC invocations=31 (full 0):
 garbage-first heap   total 106496K, used 33788K [0x0000000081e00000, 0x0000000100000000)
  region size 1024K, 5 young (5120K), 1 survivors (1024K)
 Metaspace       used 64033K, committed 65088K, reserved 1114112K
  class space    used 8994K, committed 9408K, reserved 1048576K
}
Event: 24911.343 GC heap after
{Heap after GC invocations=32 (full 0):
 garbage-first heap   total 106496K, used 29424K [0x0000000081e00000, 0x0000000100000000)
  region size 1024K, 1 young (1024K), 1 survivors (1024K)
 Metaspace       used 64033K, committed 65088K, reserved 1114112K
  class space    used 8994K, committed 9408K, reserved 1048576K
}
Event: 25645.669 GC heap before
{Heap before GC invocations=32 (full 0):
 garbage-first heap   total 106496K, used 33520K [0x0000000081e00000, 0x0000000100000000)
  region size 1024K, 5 young (5120K), 1 survivors (1024K)
 Metaspace       used 64033K, committed 65088K, reserved 1114112K
  class space    used 8994K, committed 9408K, reserved 1048576K
}
Event: 25645.902 GC heap after
{Heap after GC invocations=33 (full 0):
 garbage-first heap   total 106496K, used 29421K [0x0000000081e00000, 0x0000000100000000)
  region size 1024K, 1 young (1024K), 1 survivors (1024K)
 Metaspace       used 64033K, committed 65088K, reserved 1114112K
  class space    used 8994K, committed 9408K, reserved 1048576K
}
Event: 26390.668 GC heap before
{Heap before GC invocations=34 (full 0):
 garbage-first heap   total 106496K, used 33517K [0x0000000081e00000, 0x0000000100000000)
  region size 1024K, 5 young (5120K), 1 survivors (1024K)
 Metaspace       used 64033K, committed 65088K, reserved 1114112K
  class space    used 8994K, committed 9408K, reserved 1048576K
}
Event: 26390.759 GC heap after
{Heap after GC invocations=35 (full 0):
 garbage-first heap   total 106496K, used 29419K [0x0000000081e00000, 0x0000000100000000)
  region size 1024K, 1 young (1024K), 1 survivors (1024K)
 Metaspace       used 64033K, committed 65088K, reserved 1114112K
  class space    used 8994K, committed 9408K, reserved 1048576K
}
Event: 27086.939 GC heap before
{Heap before GC invocations=35 (full 0):
 garbage-first heap   total 106496K, used 33515K [0x0000000081e00000, 0x0000000100000000)
  region size 1024K, 5 young (5120K), 1 survivors (1024K)
 Metaspace       used 64033K, committed 65088K, reserved 1114112K
  class space    used 8994K, committed 9408K, reserved 1048576K
}
Event: 27087.013 GC heap after
{Heap after GC invocations=36 (full 0):
 garbage-first heap   total 106496K, used 29425K [0x0000000081e00000, 0x0000000100000000)
  region size 1024K, 1 young (1024K), 1 survivors (1024K)
 Metaspace       used 64033K, committed 65088K, reserved 1114112K
  class space    used 8994K, committed 9408K, reserved 1048576K
}
Event: 28518.168 GC heap before
{Heap before GC invocations=36 (full 0):
 garbage-first heap   total 106496K, used 37617K [0x0000000081e00000, 0x0000000100000000)
  region size 1024K, 9 young (9216K), 1 survivors (1024K)
 Metaspace       used 64033K, committed 65088K, reserved 1114112K
  class space    used 8994K, committed 9408K, reserved 1048576K
}
Event: 28518.186 GC heap after
{Heap after GC invocations=37 (full 0):
 garbage-first heap   total 106496K, used 29428K [0x0000000081e00000, 0x0000000100000000)
  region size 1024K, 1 young (1024K), 1 survivors (1024K)
 Metaspace       used 64033K, committed 65088K, reserved 1114112K
  class space    used 8994K, committed 9408K, reserved 1048576K
}
Event: 33395.463 GC heap before
{Heap before GC invocations=38 (full 0):
 garbage-first heap   total 106496K, used 58100K [0x0000000081e00000, 0x0000000100000000)
  region size 1024K, 29 young (29696K), 1 survivors (1024K)
 Metaspace       used 64033K, committed 65088K, reserved 1114112K
  class space    used 8994K, committed 9408K, reserved 1048576K
}
Event: 33395.632 GC heap after
{Heap after GC invocations=39 (full 0):
 garbage-first heap   total 106496K, used 29426K [0x0000000081e00000, 0x0000000100000000)
  region size 1024K, 1 young (1024K), 1 survivors (1024K)
 Metaspace       used 64033K, committed 65088K, reserved 1114112K
  class space    used 8994K, committed 9408K, reserved 1048576K
}
Event: 34073.152 GC heap before
{Heap before GC invocations=39 (full 0):
 garbage-first heap   total 106496K, used 33522K [0x0000000081e00000, 0x0000000100000000)
  region size 1024K, 5 young (5120K), 1 survivors (1024K)
 Metaspace       used 64033K, committed 65088K, reserved 1114112K
  class space    used 8994K, committed 9408K, reserved 1048576K
}
Event: 34073.229 GC heap after
{Heap after GC invocations=40 (full 0):
 garbage-first heap   total 106496K, used 29428K [0x0000000081e00000, 0x0000000100000000)
  region size 1024K, 1 young (1024K), 1 survivors (1024K)
 Metaspace       used 64033K, committed 65088K, reserved 1114112K
  class space    used 8994K, committed 9408K, reserved 1048576K
}
Event: 39146.150 GC heap before
{Heap before GC invocations=40 (full 0):
 garbage-first heap   total 106496K, used 60148K [0x0000000081e00000, 0x0000000100000000)
  region size 1024K, 31 young (31744K), 1 survivors (1024K)
 Metaspace       used 64034K, committed 65088K, reserved 1114112K
  class space    used 8995K, committed 9408K, reserved 1048576K
}
Event: 39146.152 GC heap after
{Heap after GC invocations=41 (full 0):
 garbage-first heap   total 106496K, used 29429K [0x0000000081e00000, 0x0000000100000000)
  region size 1024K, 1 young (1024K), 1 survivors (1024K)
 Metaspace       used 64034K, committed 65088K, reserved 1114112K
  class space    used 8995K, committed 9408K, reserved 1048576K
}

